2025-09-13T04:37:36.386Z GET / 302 35b 5ms
2025-09-13T04:37:36.479Z GET / 200 0b 8ms
2025-09-13T04:43:00.990Z GET / 200 0b 15ms
2025-09-13T04:46:13.499Z GET / 302 41b 2ms
2025-09-13T04:46:13.505Z GET /login 200 0b 2ms
2025-09-13T04:46:33.153Z GET / 200 0b 3ms
2025-09-13T04:46:52.924Z GET / 200 0b 5ms
2025-09-13T04:47:08.031Z POST / 302 41b 353ms
2025-09-13T04:47:08.037Z GET /login 200 0b 2ms
2025-09-13T04:47:16.776Z POST /login 302 35b 363ms
2025-09-13T04:47:16.787Z GET /admin 500 0b 6ms
2025-09-13T04:47:45.289Z GET /admin 500 0b 4ms
2025-09-13T04:48:33.448Z GET / 302 41b 5ms
2025-09-13T04:48:33.458Z GET /login 200 0b 7ms
2025-09-13T04:48:41.960Z POST /login 302 35b 379ms
2025-09-13T04:48:41.968Z GET / 200 0b 5ms
2025-09-13T04:51:38.755Z GET /studios 200 0b 3ms
2025-09-13T04:51:45.839Z GET /studios/new 200 0b 3ms
2025-09-13T04:51:56.589Z POST /studios 302 43b 7ms
2025-09-13T04:51:56.596Z GET /studios 200 0b 4ms
2025-09-13T04:52:10.849Z GET /models 200 0b 4ms
2025-09-13T04:53:19.371Z GET /models/new 200 0b 5ms
2025-09-13T04:53:31.967Z POST /models 302 42b 4ms
2025-09-13T04:53:31.976Z GET /admin/models 500 0b 5ms
2025-09-13T04:54:18.362Z GET /models 302 41b 4ms
2025-09-13T04:54:18.372Z GET /login 200 0b 7ms
2025-09-13T04:54:38.539Z POST /login 302 35b 347ms
2025-09-13T04:54:38.548Z GET / 200 0b 5ms
2025-09-13T04:54:44.113Z GET /models 200 0b 4ms
